modules/expo-payments-stripe/android/build/outputs/logs/manifest-merger-debug-report.txt
-- Merging decision tree log ---
manifest
ADDED from src/main/AndroidManifest.xml:1:1-10:14
INJECTED from src/main/AndroidManifest.xml:1:1-10:14
INJECTED from src/main/AndroidManifest.xml:1:1-10:14
INJECTED from src/main/AndroidManifest.xml:1:1-10:14
INJECTED from src/main/AndroidManifest.xml:1:1-10:14
INJECTED from src/main/AndroidManifest.xml:1:1-10:14
INJECTED from src/main/AndroidManifest.xml:1:1-10:14
	package
		ADDED from src/main/AndroidManifest.xml:1:11-49
		INJECTED from src/main/AndroidManifest.xml
		INJECTED from src/main/AndroidManifest.xml
	android:versionName
		INJECTED from src/main/AndroidManifest.xml
		ADDED from src/main/AndroidManifest.xml:1:1-10:14
		INJECTED from src/main/AndroidManifest.xml
	android:versionCode
		INJECTED from src/main/AndroidManifest.xml
		ADDED from src/main/AndroidManifest.xml:1:1-10:14
		INJECTED from src/main/AndroidManifest.xml
	xmlns:android
		ADDED from src/main/AndroidManifest.xml:2:11-69
application
ADDED from src/main/AndroidManifest.xml:3:5-9:19
activity#expo.modules.payments.stripe.OpenBrowserActivity
ADDED from src/main/AndroidManifest.xml:4:9-8:71
	android:launchMode
		ADDED from src/main/AndroidManifest.xml:7:9-40
	android:exported
		ADDED from src/main/AndroidManifest.xml:6:9-33
	android:theme
		ADDED from src/main/AndroidManifest.xml:8:9-68
	android:name
		ADDED from src/main/AndroidManifest.xml:5:9-44
uses-sdk
INJECTED from src/main/AndroidManifest.xml reason: use-sdk injection requested
INJECTED from src/main/AndroidManifest.xml
INJECTED from src/main/AndroidManifest.xml
INJECTED from src/main/AndroidManifest.xml
INJECTED from src/main/AndroidManifest.xml
	android:targetSdkVersion
		INJECTED from src/main/AndroidManifest.xml
		ADDED from src/main/AndroidManifest.xml
		INJECTED from src/main/AndroidManifest.xml
	android:minSdkVersion
		INJECTED from src/main/AndroidManifest.xml
		ADDED from src/main/AndroidManifest.xml
		INJECTED from src/main/AndroidManifest.xml